[01-Oct-2022 03:46:25 UTC] PHP Warning:  PHP Startup: Unable to load dynamic library 'php_imagick.dll' (tried: E:/Program Files (x86)/Local/resources/extraResources/lightning-services/php-7.4.1+18/bin/win64/ext\php_imagick.dll (The specified module could not be found.), E:/Program Files (x86)/Local/resources/extraResources/lightning-services/php-7.4.1+18/bin/win64/ext\php_php_imagick.dll.dll (The specified module could not be found.)) in Unknown on line 0
[01-Oct-2022 03:46:25 UTC] PHP Warning:  PHP Startup: Unable to load dynamic library 'php_imagick.dll' (tried: E:/Program Files (x86)/Local/resources/extraResources/lightning-services/php-7.4.1+18/bin/win64/ext\php_imagick.dll (The specified module could not be found.), E:/Program Files (x86)/Local/resources/extraResources/lightning-services/php-7.4.1+18/bin/win64/ext\php_php_imagick.dll.dll (The specified module could not be found.)) in Unknown on line 0
[01-Oct-2022 03:46:50 UTC] PHP Warning:  PHP Startup: Unable to load dynamic library 'php_imagick.dll' (tried: E:/Program Files (x86)/Local/resources/extraResources/lightning-services/php-7.4.1+18/bin/win64/ext\php_imagick.dll (The specified module could not be found.), E:/Program Files (x86)/Local/resources/extraResources/lightning-services/php-7.4.1+18/bin/win64/ext\php_php_imagick.dll.dll (The specified module could not be found.)) in Unknown on line 0
[01-Oct-2022 03:46:51 UTC] PHP Warning:  PHP Startup: Unable to load dynamic library 'php_imagick.dll' (tried: E:/Program Files (x86)/Local/resources/extraResources/lightning-services/php-7.4.1+18/bin/win64/ext\php_imagick.dll (The specified module could not be found.), E:/Program Files (x86)/Local/resources/extraResources/lightning-services/php-7.4.1+18/bin/win64/ext\php_php_imagick.dll.dll (The specified module could not be found.)) in Unknown on line 0
[01-Oct-2022 03:46:52 UTC] PHP Warning:  PHP Startup: Unable to load dynamic library 'php_imagick.dll' (tried: E:/Program Files (x86)/Local/resources/extraResources/lightning-services/php-7.4.1+18/bin/win64/ext\php_imagick.dll (The specified module could not be found.), E:/Program Files (x86)/Local/resources/extraResources/lightning-services/php-7.4.1+18/bin/win64/ext\php_php_imagick.dll.dll (The specified module could not be found.)) in Unknown on line 0
[01-Oct-2022 03:46:54 UTC] PHP Warning:  PHP Startup: Unable to load dynamic library 'php_imagick.dll' (tried: E:/Program Files (x86)/Local/resources/extraResources/lightning-services/php-7.4.1+18/bin/win64/ext\php_imagick.dll (The specified module could not be found.), E:/Program Files (x86)/Local/resources/extraResources/lightning-services/php-7.4.1+18/bin/win64/ext\php_php_imagick.dll.dll (The specified module could not be found.)) in Unknown on line 0
[01-Oct-2022 03:46:55 UTC] PHP Warning:  PHP Startup: Unable to load dynamic library 'php_imagick.dll' (tried: E:/Program Files (x86)/Local/resources/extraResources/lightning-services/php-7.4.1+18/bin/win64/ext\php_imagick.dll (The specified module could not be found.), E:/Program Files (x86)/Local/resources/extraResources/lightning-services/php-7.4.1+18/bin/win64/ext\php_php_imagick.dll.dll (The specified module could not be found.)) in Unknown on line 0
[01-Oct-2022 03:46:55 UTC] PHP Warning:  PHP Startup: Unable to load dynamic library 'php_imagick.dll' (tried: E:/Program Files (x86)/Local/resources/extraResources/lightning-services/php-7.4.1+18/bin/win64/ext\php_imagick.dll (The specified module could not be found.), E:/Program Files (x86)/Local/resources/extraResources/lightning-services/php-7.4.1+18/bin/win64/ext\php_php_imagick.dll.dll (The specified module could not be found.)) in Unknown on line 0
[01-Oct-2022 04:00:13 UTC] PHP Warning:  PHP Startup: Unable to load dynamic library 'php_imagick.dll' (tried: E:/Program Files (x86)/Local/resources/extraResources/lightning-services/php-7.4.1+18/bin/win64/ext\php_imagick.dll (The specified module could not be found.), E:/Program Files (x86)/Local/resources/extraResources/lightning-services/php-7.4.1+18/bin/win64/ext\php_php_imagick.dll.dll (The specified module could not be found.)) in Unknown on line 0
[01-Oct-2022 04:00:13 UTC] PHP Warning:  PHP Startup: Unable to load dynamic library 'php_imagick.dll' (tried: E:/Program Files (x86)/Local/resources/extraResources/lightning-services/php-7.4.1+18/bin/win64/ext\php_imagick.dll (The specified module could not be found.), E:/Program Files (x86)/Local/resources/extraResources/lightning-services/php-7.4.1+18/bin/win64/ext\php_php_imagick.dll.dll (The specified module could not be found.)) in Unknown on line 0
[01-Oct-2022 04:00:13 UTC] PHP Warning:  PHP Startup: Unable to load dynamic library 'php_imagick.dll' (tried: E:/Program Files (x86)/Local/resources/extraResources/lightning-services/php-7.4.1+18/bin/win64/ext\php_imagick.dll (The specified module could not be found.), E:/Program Files (x86)/Local/resources/extraResources/lightning-services/php-7.4.1+18/bin/win64/ext\php_php_imagick.dll.dll (The specified module could not be found.)) in Unknown on line 0
[01-Oct-2022 04:00:13 UTC] PHP Warning:  PHP Startup: Unable to load dynamic library 'php_imagick.dll' (tried: E:/Program Files (x86)/Local/resources/extraResources/lightning-services/php-7.4.1+18/bin/win64/ext\php_imagick.dll (The specified module could not be found.), E:/Program Files (x86)/Local/resources/extraResources/lightning-services/php-7.4.1+18/bin/win64/ext\php_php_imagick.dll.dll (The specified module could not be found.)) in Unknown on line 0
[01-Oct-2022 04:02:17 UTC] PHP Warning:  PHP Startup: Unable to load dynamic library 'php_imagick.dll' (tried: E:/Program Files (x86)/Local/resources/extraResources/lightning-services/php-7.4.1+18/bin/win64/ext\php_imagick.dll (The specified module could not be found.), E:/Program Files (x86)/Local/resources/extraResources/lightning-services/php-7.4.1+18/bin/win64/ext\php_php_imagick.dll.dll (The specified module could not be found.)) in Unknown on line 0
[01-Oct-2022 04:02:17 UTC] PHP Warning:  PHP Startup: Unable to load dynamic library 'php_imagick.dll' (tried: E:/Program Files (x86)/Local/resources/extraResources/lightning-services/php-7.4.1+18/bin/win64/ext\php_imagick.dll (The specified module could not be found.), E:/Program Files (x86)/Local/resources/extraResources/lightning-services/php-7.4.1+18/bin/win64/ext\php_php_imagick.dll.dll (The specified module could not be found.)) in Unknown on line 0
[01-Oct-2022 04:02:17 UTC] PHP Warning:  PHP Startup: Unable to load dynamic library 'php_imagick.dll' (tried: E:/Program Files (x86)/Local/resources/extraResources/lightning-services/php-7.4.1+18/bin/win64/ext\php_imagick.dll (The specified module could not be found.), E:/Program Files (x86)/Local/resources/extraResources/lightning-services/php-7.4.1+18/bin/win64/ext\php_php_imagick.dll.dll (The specified module could not be found.)) in Unknown on line 0
[01-Oct-2022 04:02:17 UTC] PHP Warning:  PHP Startup: Unable to load dynamic library 'php_imagick.dll' (tried: E:/Program Files (x86)/Local/resources/extraResources/lightning-services/php-7.4.1+18/bin/win64/ext\php_imagick.dll (The specified module could not be found.), E:/Program Files (x86)/Local/resources/extraResources/lightning-services/php-7.4.1+18/bin/win64/ext\php_php_imagick.dll.dll (The specified module could not be found.)) in Unknown on line 0
[01-Oct-2022 04:02:19 UTC] PHP Warning:  PHP Startup: Unable to load dynamic library 'php_imagick.dll' (tried: E:/Program Files (x86)/Local/resources/extraResources/lightning-services/php-7.4.1+18/bin/win64/ext\php_imagick.dll (The specified module could not be found.), E:/Program Files (x86)/Local/resources/extraResources/lightning-services/php-7.4.1+18/bin/win64/ext\php_php_imagick.dll.dll (The specified module could not be found.)) in Unknown on line 0
[01-Oct-2022 04:02:53 UTC] PHP Warning:  PHP Startup: Unable to load dynamic library 'php_imagick.dll' (tried: E:/Program Files (x86)/Local/resources/extraResources/lightning-services/php-7.4.1+18/bin/win64/ext\php_imagick.dll (The specified module could not be found.), E:/Program Files (x86)/Local/resources/extraResources/lightning-services/php-7.4.1+18/bin/win64/ext\php_php_imagick.dll.dll (The specified module could not be found.)) in Unknown on line 0
[01-Oct-2022 04:02:53 UTC] PHP Warning:  PHP Startup: Unable to load dynamic library 'php_imagick.dll' (tried: E:/Program Files (x86)/Local/resources/extraResources/lightning-services/php-7.4.1+18/bin/win64/ext\php_imagick.dll (The specified module could not be found.), E:/Program Files (x86)/Local/resources/extraResources/lightning-services/php-7.4.1+18/bin/win64/ext\php_php_imagick.dll.dll (The specified module could not be found.)) in Unknown on line 0
[01-Oct-2022 04:02:55 UTC] PHP Warning:  PHP Startup: Unable to load dynamic library 'php_imagick.dll' (tried: E:/Program Files (x86)/Local/resources/extraResources/lightning-services/php-7.4.1+18/bin/win64/ext\php_imagick.dll (The specified module could not be found.), E:/Program Files (x86)/Local/resources/extraResources/lightning-services/php-7.4.1+18/bin/win64/ext\php_php_imagick.dll.dll (The specified module could not be found.)) in Unknown on line 0
[01-Oct-2022 04:11:19 UTC] PHP Warning:  PHP Startup: Unable to load dynamic library 'php_imagick.dll' (tried: E:/Program Files (x86)/Local/resources/extraResources/lightning-services/php-7.4.1+18/bin/win64/ext\php_imagick.dll (The specified module could not be found.), E:/Program Files (x86)/Local/resources/extraResources/lightning-services/php-7.4.1+18/bin/win64/ext\php_php_imagick.dll.dll (The specified module could not be found.)) in Unknown on line 0
[01-Oct-2022 04:11:19 UTC] PHP Warning:  PHP Startup: Unable to load dynamic library 'php_imagick.dll' (tried: E:/Program Files (x86)/Local/resources/extraResources/lightning-services/php-7.4.1+18/bin/win64/ext\php_imagick.dll (The specified module could not be found.), E:/Program Files (x86)/Local/resources/extraResources/lightning-services/php-7.4.1+18/bin/win64/ext\php_php_imagick.dll.dll (The specified module could not be found.)) in Unknown on line 0
[01-Oct-2022 04:18:43 UTC] PHP Warning:  PHP Startup: Unable to load dynamic library 'php_imagick.dll' (tried: E:/Program Files (x86)/Local/resources/extraResources/lightning-services/php-7.4.1+18/bin/win64/ext\php_imagick.dll (The specified module could not be found.), E:/Program Files (x86)/Local/resources/extraResources/lightning-services/php-7.4.1+18/bin/win64/ext\php_php_imagick.dll.dll (The specified module could not be found.)) in Unknown on line 0
[01-Oct-2022 04:18:43 UTC] PHP Warning:  PHP Startup: Unable to load dynamic library 'php_imagick.dll' (tried: E:/Program Files (x86)/Local/resources/extraResources/lightning-services/php-7.4.1+18/bin/win64/ext\php_imagick.dll (The specified module could not be found.), E:/Program Files (x86)/Local/resources/extraResources/lightning-services/php-7.4.1+18/bin/win64/ext\php_php_imagick.dll.dll (The specified module could not be found.)) in Unknown on line 0
[01-Oct-2022 04:18:45 UTC] PHP Warning:  PHP Startup: Unable to load dynamic library 'php_imagick.dll' (tried: E:/Program Files (x86)/Local/resources/extraResources/lightning-services/php-7.4.1+18/bin/win64/ext\php_imagick.dll (The specified module could not be found.), E:/Program Files (x86)/Local/resources/extraResources/lightning-services/php-7.4.1+18/bin/win64/ext\php_php_imagick.dll.dll (The specified module could not be found.)) in Unknown on line 0
[01-Oct-2022 04:51:02 UTC] PHP Parse error:  syntax error, unexpected '}', expecting ';' or ',' in C:\Users\User\Local Sites\fictional-university\app\public\wp-content\themes\fictional-university-theme\index.php on line 11
[01-Oct-2022 04:51:27 UTC] PHP Parse error:  syntax error, unexpected '}', expecting ';' or ',' in C:\Users\User\Local Sites\fictional-university\app\public\wp-content\themes\fictional-university-theme\index.php on line 11
[01-Oct-2022 04:51:30 UTC] PHP Parse error:  syntax error, unexpected '}', expecting ';' or ',' in C:\Users\User\Local Sites\fictional-university\app\public\wp-content\themes\fictional-university-theme\index.php on line 11
[01-Oct-2022 04:51:43 UTC] PHP Parse error:  syntax error, unexpected '}', expecting ';' or ',' in C:\Users\User\Local Sites\fictional-university\app\public\wp-content\themes\fictional-university-theme\index.php on line 11
[01-Oct-2022 04:51:49 UTC] PHP Parse error:  syntax error, unexpected '}', expecting ';' or ',' in C:\Users\User\Local Sites\fictional-university\app\public\wp-content\themes\fictional-university-theme\index.php on line 11
[01-Oct-2022 04:51:55 UTC] PHP Parse error:  syntax error, unexpected '}', expecting ';' or ',' in C:\Users\User\Local Sites\fictional-university\app\public\wp-content\themes\fictional-university-theme\index.php on line 11
[01-Oct-2022 05:29:08 UTC] PHP Parse error:  syntax error, unexpected '++' (T_INC) in C:\Users\User\Local Sites\fictional-university\app\public\wp-content\themes\fictional-university-theme\index.php on line 9
[01-Oct-2022 05:29:20 UTC] PHP Fatal error:  Cannot use [] for reading in C:\Users\User\Local Sites\fictional-university\app\public\wp-content\themes\fictional-university-theme\index.php on line 15
[01-Oct-2022 05:29:20 UTC] PHP Stack trace:
[01-Oct-2022 05:29:20 UTC] PHP   1. {main}() C:\Users\User\Local Sites\fictional-university\app\public\index.php:0
[01-Oct-2022 05:29:20 UTC] PHP   2. require() C:\Users\User\Local Sites\fictional-university\app\public\index.php:17
[01-Oct-2022 05:29:20 UTC] PHP   3. require_once() C:\Users\User\Local Sites\fictional-university\app\public\wp-blog-header.php:19
[01-Oct-2022 05:29:41 UTC] PHP Fatal error:  Cannot use [] for reading in C:\Users\User\Local Sites\fictional-university\app\public\wp-content\themes\fictional-university-theme\index.php on line 15
[01-Oct-2022 05:29:41 UTC] PHP Stack trace:
[01-Oct-2022 05:29:41 UTC] PHP   1. {main}() C:\Users\User\Local Sites\fictional-university\app\public\index.php:0
[01-Oct-2022 05:29:41 UTC] PHP   2. require() C:\Users\User\Local Sites\fictional-university\app\public\index.php:17
[01-Oct-2022 05:29:41 UTC] PHP   3. require_once() C:\Users\User\Local Sites\fictional-university\app\public\wp-blog-header.php:19
[01-Oct-2022 05:30:41 UTC] PHP Fatal error:  Cannot use [] for reading in C:\Users\User\Local Sites\fictional-university\app\public\wp-content\themes\fictional-university-theme\index.php on line 15
[01-Oct-2022 05:30:41 UTC] PHP Stack trace:
[01-Oct-2022 05:30:41 UTC] PHP   1. {main}() C:\Users\User\Local Sites\fictional-university\app\public\index.php:0
[01-Oct-2022 05:30:41 UTC] PHP   2. require() C:\Users\User\Local Sites\fictional-university\app\public\index.php:17
[01-Oct-2022 05:30:41 UTC] PHP   3. require_once() C:\Users\User\Local Sites\fictional-university\app\public\wp-blog-header.php:19
[01-Oct-2022 06:45:47 UTC] PHP Parse error:  syntax error, unexpected ':' in C:\Users\User\Local Sites\fictional-university\app\public\wp-content\themes\fictional-university-theme\index.php on line 1
[01-Oct-2022 07:31:00 UTC] PHP Warning:  PHP Startup: Unable to load dynamic library 'php_imagick.dll' (tried: E:/Program Files (x86)/Local/resources/extraResources/lightning-services/php-7.4.1+18/bin/win64/ext\php_imagick.dll (The specified module could not be found.), E:/Program Files (x86)/Local/resources/extraResources/lightning-services/php-7.4.1+18/bin/win64/ext\php_php_imagick.dll.dll (The specified module could not be found.)) in Unknown on line 0
[01-Oct-2022 07:31:00 UTC] PHP Warning:  PHP Startup: Unable to load dynamic library 'php_imagick.dll' (tried: E:/Program Files (x86)/Local/resources/extraResources/lightning-services/php-7.4.1+18/bin/win64/ext\php_imagick.dll (The specified module could not be found.), E:/Program Files (x86)/Local/resources/extraResources/lightning-services/php-7.4.1+18/bin/win64/ext\php_php_imagick.dll.dll (The specified module could not be found.)) in Unknown on line 0
[01-Oct-2022 07:31:03 UTC] PHP Warning:  PHP Startup: Unable to load dynamic library 'php_imagick.dll' (tried: E:/Program Files (x86)/Local/resources/extraResources/lightning-services/php-7.4.1+18/bin/win64/ext\php_imagick.dll (The specified module could not be found.), E:/Program Files (x86)/Local/resources/extraResources/lightning-services/php-7.4.1+18/bin/win64/ext\php_php_imagick.dll.dll (The specified module could not be found.)) in Unknown on line 0
[01-Oct-2022 07:48:25 UTC] PHP Warning:  PHP Startup: Unable to load dynamic library 'php_imagick.dll' (tried: E:/Program Files (x86)/Local/resources/extraResources/lightning-services/php-7.4.1+18/bin/win64/ext\php_imagick.dll (The specified module could not be found.), E:/Program Files (x86)/Local/resources/extraResources/lightning-services/php-7.4.1+18/bin/win64/ext\php_php_imagick.dll.dll (The specified module could not be found.)) in Unknown on line 0
[01-Oct-2022 07:48:25 UTC] PHP Warning:  PHP Startup: Unable to load dynamic library 'php_imagick.dll' (tried: E:/Program Files (x86)/Local/resources/extraResources/lightning-services/php-7.4.1+18/bin/win64/ext\php_imagick.dll (The specified module could not be found.), E:/Program Files (x86)/Local/resources/extraResources/lightning-services/php-7.4.1+18/bin/win64/ext\php_php_imagick.dll.dll (The specified module could not be found.)) in Unknown on line 0
[01-Oct-2022 07:48:27 UTC] PHP Warning:  PHP Startup: Unable to load dynamic library 'php_imagick.dll' (tried: E:/Program Files (x86)/Local/resources/extraResources/lightning-services/php-7.4.1+18/bin/win64/ext\php_imagick.dll (The specified module could not be found.), E:/Program Files (x86)/Local/resources/extraResources/lightning-services/php-7.4.1+18/bin/win64/ext\php_php_imagick.dll.dll (The specified module could not be found.)) in Unknown on line 0
[01-Oct-2022 08:23:07 UTC] PHP Warning:  PHP Startup: Unable to load dynamic library 'php_imagick.dll' (tried: E:/Program Files (x86)/Local/resources/extraResources/lightning-services/php-7.4.1+18/bin/win64/ext\php_imagick.dll (The specified module could not be found.), E:/Program Files (x86)/Local/resources/extraResources/lightning-services/php-7.4.1+18/bin/win64/ext\php_php_imagick.dll.dll (The specified module could not be found.)) in Unknown on line 0
[01-Oct-2022 08:23:07 UTC] PHP Warning:  PHP Startup: Unable to load dynamic library 'php_imagick.dll' (tried: E:/Program Files (x86)/Local/resources/extraResources/lightning-services/php-7.4.1+18/bin/win64/ext\php_imagick.dll (The specified module could not be found.), E:/Program Files (x86)/Local/resources/extraResources/lightning-services/php-7.4.1+18/bin/win64/ext\php_php_imagick.dll.dll (The specified module could not be found.)) in Unknown on line 0
[01-Oct-2022 08:23:09 UTC] PHP Warning:  PHP Startup: Unable to load dynamic library 'php_imagick.dll' (tried: E:/Program Files (x86)/Local/resources/extraResources/lightning-services/php-7.4.1+18/bin/win64/ext\php_imagick.dll (The specified module could not be found.), E:/Program Files (x86)/Local/resources/extraResources/lightning-services/php-7.4.1+18/bin/win64/ext\php_php_imagick.dll.dll (The specified module could not be found.)) in Unknown on line 0
[01-Oct-2022 08:23:09 UTC] PHP Parse error:  syntax error, unexpected ')', expecting ';' or ',' in C:\Users\User\Local Sites\fictional-university\app\public\wp-content\themes\fictional-university-theme\index.php on line 4
[01-Oct-2022 08:23:36 UTC] PHP Parse error:  syntax error, unexpected ')', expecting ';' or ',' in C:\Users\User\Local Sites\fictional-university\app\public\wp-content\themes\fictional-university-theme\index.php on line 4
[01-Oct-2022 08:24:13 UTC] PHP Parse error:  syntax error, unexpected '?' in C:\Users\User\Local Sites\fictional-university\app\public\wp-content\themes\fictional-university-theme\index.php on line 4
[01-Oct-2022 08:24:17 UTC] PHP Parse error:  syntax error, unexpected '?' in C:\Users\User\Local Sites\fictional-university\app\public\wp-content\themes\fictional-university-theme\index.php on line 4
[01-Oct-2022 10:24:16 UTC] PHP Fatal error:  Uncaught ArgumentCountError: Too few arguments to function add_action(), 1 passed in C:\Users\User\Local Sites\fictional-university\app\public\wp-content\themes\fictional-university-theme\functions.php on line 13 and at least 2 expected in C:\Users\User\Local Sites\fictional-university\app\public\wp-includes\plugin.php:400
Stack trace:
#0 C:\Users\User\Local Sites\fictional-university\app\public\wp-content\themes\fictional-university-theme\functions.php(13): add_action('after_setup_the...')
#1 C:\Users\User\Local Sites\fictional-university\app\public\wp-settings.php(566): include('C:\\Users\\User\\L...')
#2 C:\Users\User\Local Sites\fictional-university\app\public\wp-config.php(91): require_once('C:\\Users\\User\\L...')
#3 C:\Users\User\Local Sites\fictional-university\app\public\wp-load.php(50): require_once('C:\\Users\\User\\L...')
#4 C:\Users\User\Local Sites\fictional-university\app\public\wp-admin\admin-ajax.php(22): require_once('C:\\Users\\User\\L...')
#5 {main}
  thrown in C:\Users\User\Local Sites\fictional-university\app\public\wp-includes\plugin.php on line 400
[01-Oct-2022 10:40:27 UTC] PHP Parse error:  syntax error, unexpected '=' in C:\Users\User\Local Sites\fictional-university\app\public\wp-content\themes\fictional-university-theme\page.php on line 19
[01-Oct-2022 10:40:44 UTC] PHP Parse error:  syntax error, unexpected '=' in C:\Users\User\Local Sites\fictional-university\app\public\wp-content\themes\fictional-university-theme\page.php on line 19
[01-Oct-2022 10:40:57 UTC] PHP Parse error:  syntax error, unexpected '=' in C:\Users\User\Local Sites\fictional-university\app\public\wp-content\themes\fictional-university-theme\page.php on line 19
[01-Oct-2022 10:41:14 UTC] PHP Parse error:  syntax error, unexpected '=' in C:\Users\User\Local Sites\fictional-university\app\public\wp-content\themes\fictional-university-theme\page.php on line 19
[01-Oct-2022 10:43:00 UTC] PHP Fatal error:  Uncaught Error: Call to undefined function post_id() in C:\Users\User\Local Sites\fictional-university\app\public\wp-content\themes\fictional-university-theme\page.php:19
Stack trace:
#0 C:\Users\User\Local Sites\fictional-university\app\public\wp-includes\template-loader.php(106): include()
#1 C:\Users\User\Local Sites\fictional-university\app\public\wp-blog-header.php(19): require_once('C:\\Users\\User\\L...')
#2 C:\Users\User\Local Sites\fictional-university\app\public\index.php(17): require('C:\\Users\\User\\L...')
#3 {main}
  thrown in C:\Users\User\Local Sites\fictional-university\app\public\wp-content\themes\fictional-university-theme\page.php on line 19
[01-Oct-2022 12:24:54 UTC] PHP Fatal error:  Uncaught Error: Call to undefined function wp_list_page() in C:\Users\User\Local Sites\fictional-university\app\public\wp-content\themes\fictional-university-theme\page.php:40
Stack trace:
#0 C:\Users\User\Local Sites\fictional-university\app\public\wp-includes\template-loader.php(106): include()
#1 C:\Users\User\Local Sites\fictional-university\app\public\wp-blog-header.php(19): require_once('C:\\Users\\User\\L...')
#2 C:\Users\User\Local Sites\fictional-university\app\public\index.php(17): require('C:\\Users\\User\\L...')
#3 {main}
  thrown in C:\Users\User\Local Sites\fictional-university\app\public\wp-content\themes\fictional-university-theme\page.php on line 40
[01-Oct-2022 14:25:31 UTC] PHP Fatal error:  Uncaught Error: Call to undefined function blog_info() in C:\Users\User\Local Sites\fictional-university\app\public\wp-content\themes\fictional-university-theme\header.php:6
Stack trace:
#0 C:\Users\User\Local Sites\fictional-university\app\public\wp-includes\template.php(770): require_once()
#1 C:\Users\User\Local Sites\fictional-university\app\public\wp-includes\template.php(716): load_template('C:\\Users\\User\\L...', true, Array)
#2 C:\Users\User\Local Sites\fictional-university\app\public\wp-includes\general-template.php(48): locate_template(Array, true, true, Array)
#3 C:\Users\User\Local Sites\fictional-university\app\public\wp-content\themes\fictional-university-theme\index.php(1): get_header()
#4 C:\Users\User\Local Sites\fictional-university\app\public\wp-includes\template-loader.php(106): include('C:\\Users\\User\\L...')
#5 C:\Users\User\Local Sites\fictional-university\app\public\wp-blog-header.php(19): require_once('C:\\Users\\User\\L...')
#6 C:\Users\User\Local Sites\fictional-university\app\pub in C:\Users\User\Local Sites\fictional-university\app\public\wp-content\themes\fictional-university-theme\header.php on line 6
[01-Oct-2022 14:25:40 UTC] PHP Fatal error:  Uncaught Error: Call to undefined function blog_info() in C:\Users\User\Local Sites\fictional-university\app\public\wp-content\themes\fictional-university-theme\header.php:6
Stack trace:
#0 C:\Users\User\Local Sites\fictional-university\app\public\wp-includes\template.php(770): require_once()
#1 C:\Users\User\Local Sites\fictional-university\app\public\wp-includes\template.php(716): load_template('C:\\Users\\User\\L...', true, Array)
#2 C:\Users\User\Local Sites\fictional-university\app\public\wp-includes\general-template.php(48): locate_template(Array, true, true, Array)
#3 C:\Users\User\Local Sites\fictional-university\app\public\wp-content\themes\fictional-university-theme\index.php(1): get_header()
#4 C:\Users\User\Local Sites\fictional-university\app\public\wp-includes\template-loader.php(106): include('C:\\Users\\User\\L...')
#5 C:\Users\User\Local Sites\fictional-university\app\public\wp-blog-header.php(19): require_once('C:\\Users\\User\\L...')
#6 C:\Users\User\Local Sites\fictional-university\app\pub in C:\Users\User\Local Sites\fictional-university\app\public\wp-content\themes\fictional-university-theme\header.php on line 6
[01-Oct-2022 14:25:55 UTC] PHP Fatal error:  Uncaught Error: Call to undefined function blog_info() in C:\Users\User\Local Sites\fictional-university\app\public\wp-content\themes\fictional-university-theme\header.php:6
Stack trace:
#0 C:\Users\User\Local Sites\fictional-university\app\public\wp-includes\template.php(770): require_once()
#1 C:\Users\User\Local Sites\fictional-university\app\public\wp-includes\template.php(716): load_template('C:\\Users\\User\\L...', true, Array)
#2 C:\Users\User\Local Sites\fictional-university\app\public\wp-includes\general-template.php(48): locate_template(Array, true, true, Array)
#3 C:\Users\User\Local Sites\fictional-university\app\public\wp-content\themes\fictional-university-theme\index.php(1): get_header()
#4 C:\Users\User\Local Sites\fictional-university\app\public\wp-includes\template-loader.php(106): include('C:\\Users\\User\\L...')
#5 C:\Users\User\Local Sites\fictional-university\app\public\wp-blog-header.php(19): require_once('C:\\Users\\User\\L...')
#6 C:\Users\User\Local Sites\fictional-university\app\pub in C:\Users\User\Local Sites\fictional-university\app\public\wp-content\themes\fictional-university-theme\header.php on line 6
[01-Oct-2022 14:44:47 UTC] PHP Warning:  PHP Startup: Unable to load dynamic library 'php_imagick.dll' (tried: E:/Program Files (x86)/Local/resources/extraResources/lightning-services/php-7.4.1+18/bin/win64/ext\php_imagick.dll (The specified module could not be found.), E:/Program Files (x86)/Local/resources/extraResources/lightning-services/php-7.4.1+18/bin/win64/ext\php_php_imagick.dll.dll (The specified module could not be found.)) in Unknown on line 0
[01-Oct-2022 14:44:47 UTC] PHP Warning:  PHP Startup: Unable to load dynamic library 'php_imagick.dll' (tried: E:/Program Files (x86)/Local/resources/extraResources/lightning-services/php-7.4.1+18/bin/win64/ext\php_imagick.dll (The specified module could not be found.), E:/Program Files (x86)/Local/resources/extraResources/lightning-services/php-7.4.1+18/bin/win64/ext\php_php_imagick.dll.dll (The specified module could not be found.)) in Unknown on line 0
[01-Oct-2022 14:56:11 UTC] PHP Parse error:  syntax error, unexpected 'add_theme_support' (T_STRING) in C:\Users\User\Local Sites\fictional-university\app\public\wp-content\themes\fictional-university-theme\functions.php on line 15
[01-Oct-2022 14:56:12 UTC] PHP Parse error:  syntax error, unexpected 'add_theme_support' (T_STRING) in C:\Users\User\Local Sites\fictional-university\app\public\wp-content\themes\fictional-university-theme\functions.php on line 15
[01-Oct-2022 14:59:44 UTC] PHP Warning:  Use of undefined constant headerMenuLocations - assumed 'headerMenuLocations' (this will throw an Error in a future version of PHP) in C:\Users\User\Local Sites\fictional-university\app\public\wp-content\themes\fictional-university-theme\header.php on line 21
[01-Oct-2022 14:59:44 UTC] PHP Stack trace:
[01-Oct-2022 14:59:44 UTC] PHP   1. {main}() C:\Users\User\Local Sites\fictional-university\app\public\index.php:0
[01-Oct-2022 14:59:44 UTC] PHP   2. require() C:\Users\User\Local Sites\fictional-university\app\public\index.php:17
[01-Oct-2022 14:59:44 UTC] PHP   3. require_once() C:\Users\User\Local Sites\fictional-university\app\public\wp-blog-header.php:19
[01-Oct-2022 14:59:44 UTC] PHP   4. include() C:\Users\User\Local Sites\fictional-university\app\public\wp-includes\template-loader.php:106
[01-Oct-2022 14:59:44 UTC] PHP   5. get_header() C:\Users\User\Local Sites\fictional-university\app\public\wp-content\themes\fictional-university-theme\index.php:1
[01-Oct-2022 14:59:44 UTC] PHP   6. locate_template() C:\Users\User\Local Sites\fictional-university\app\public\wp-includes\general-template.php:48
[01-Oct-2022 14:59:44 UTC] PHP   7. load_template() C:\Users\User\Local Sites\fictional-university\app\public\wp-includes\template.php:716
[01-Oct-2022 14:59:44 UTC] PHP   8. require_once() C:\Users\User\Local Sites\fictional-university\app\public\wp-includes\template.php:770
[01-Oct-2022 15:05:39 UTC] PHP Parse error:  syntax error, unexpected '=' in C:\Users\User\Local Sites\fictional-university\app\public\wp-content\themes\fictional-university-theme\footer.php on line 16
[01-Oct-2022 15:06:16 UTC] PHP Parse error:  syntax error, unexpected '=' in C:\Users\User\Local Sites\fictional-university\app\public\wp-content\themes\fictional-university-theme\footer.php on line 16
[01-Oct-2022 15:06:20 UTC] PHP Parse error:  syntax error, unexpected '=' in C:\Users\User\Local Sites\fictional-university\app\public\wp-content\themes\fictional-university-theme\footer.php on line 16
[01-Oct-2022 15:06:59 UTC] PHP Parse error:  syntax error, unexpected '=' in C:\Users\User\Local Sites\fictional-university\app\public\wp-content\themes\fictional-university-theme\footer.php on line 16
[01-Oct-2022 15:26:18 UTC] PHP Warning:  PHP Startup: Unable to load dynamic library 'php_imagick.dll' (tried: E:/Program Files (x86)/Local/resources/extraResources/lightning-services/php-7.4.1+18/bin/win64/ext\php_imagick.dll (The specified module could not be found.), E:/Program Files (x86)/Local/resources/extraResources/lightning-services/php-7.4.1+18/bin/win64/ext\php_php_imagick.dll.dll (The specified module could not be found.)) in Unknown on line 0
[01-Oct-2022 15:26:18 UTC] PHP Warning:  PHP Startup: Unable to load dynamic library 'php_imagick.dll' (tried: E:/Program Files (x86)/Local/resources/extraResources/lightning-services/php-7.4.1+18/bin/win64/ext\php_imagick.dll (The specified module could not be found.), E:/Program Files (x86)/Local/resources/extraResources/lightning-services/php-7.4.1+18/bin/win64/ext\php_php_imagick.dll.dll (The specified module could not be found.)) in Unknown on line 0
[01-Oct-2022 15:26:18 UTC] PHP Warning:  PHP Startup: Unable to load dynamic library 'php_imagick.dll' (tried: E:/Program Files (x86)/Local/resources/extraResources/lightning-services/php-7.4.1+18/bin/win64/ext\php_imagick.dll (The specified module could not be found.), E:/Program Files (x86)/Local/resources/extraResources/lightning-services/php-7.4.1+18/bin/win64/ext\php_php_imagick.dll.dll (The specified module could not be found.)) in Unknown on line 0
[01-Oct-2022 15:26:18 UTC] PHP Warning:  PHP Startup: Unable to load dynamic library 'php_imagick.dll' (tried: E:/Program Files (x86)/Local/resources/extraResources/lightning-services/php-7.4.1+18/bin/win64/ext\php_imagick.dll (The specified module could not be found.), E:/Program Files (x86)/Local/resources/extraResources/lightning-services/php-7.4.1+18/bin/win64/ext\php_php_imagick.dll.dll (The specified module could not be found.)) in Unknown on line 0
[01-Oct-2022 15:26:21 UTC] PHP Warning:  PHP Startup: Unable to load dynamic library 'php_imagick.dll' (tried: E:/Program Files (x86)/Local/resources/extraResources/lightning-services/php-7.4.1+18/bin/win64/ext\php_imagick.dll (The specified module could not be found.), E:/Program Files (x86)/Local/resources/extraResources/lightning-services/php-7.4.1+18/bin/win64/ext\php_php_imagick.dll.dll (The specified module could not be found.)) in Unknown on line 0
[02-Oct-2022 03:03:18 UTC] PHP Warning:  PHP Startup: Unable to load dynamic library 'php_imagick.dll' (tried: E:/Program Files (x86)/Local/resources/extraResources/lightning-services/php-7.4.1+18/bin/win64/ext\php_imagick.dll (The specified module could not be found.), E:/Program Files (x86)/Local/resources/extraResources/lightning-services/php-7.4.1+18/bin/win64/ext\php_php_imagick.dll.dll (The specified module could not be found.)) in Unknown on line 0
[02-Oct-2022 03:03:18 UTC] PHP Warning:  PHP Startup: Unable to load dynamic library 'php_imagick.dll' (tried: E:/Program Files (x86)/Local/resources/extraResources/lightning-services/php-7.4.1+18/bin/win64/ext\php_imagick.dll (The specified module could not be found.), E:/Program Files (x86)/Local/resources/extraResources/lightning-services/php-7.4.1+18/bin/win64/ext\php_php_imagick.dll.dll (The specified module could not be found.)) in Unknown on line 0
[02-Oct-2022 04:08:30 UTC] PHP Warning:  PHP Startup: Unable to load dynamic library 'php_imagick.dll' (tried: E:/Program Files (x86)/Local/resources/extraResources/lightning-services/php-7.4.1+18/bin/win64/ext\php_imagick.dll (The specified module could not be found.), E:/Program Files (x86)/Local/resources/extraResources/lightning-services/php-7.4.1+18/bin/win64/ext\php_php_imagick.dll.dll (The specified module could not be found.)) in Unknown on line 0
[02-Oct-2022 04:08:30 UTC] PHP Warning:  PHP Startup: Unable to load dynamic library 'php_imagick.dll' (tried: E:/Program Files (x86)/Local/resources/extraResources/lightning-services/php-7.4.1+18/bin/win64/ext\php_imagick.dll (The specified module could not be found.), E:/Program Files (x86)/Local/resources/extraResources/lightning-services/php-7.4.1+18/bin/win64/ext\php_php_imagick.dll.dll (The specified module could not be found.)) in Unknown on line 0
[02-Oct-2022 04:53:48 UTC] PHP Parse error:  syntax error, unexpected ';' in C:\Users\User\Local Sites\fictional-university\app\public\wp-content\themes\fictional-university-theme\index.php on line 17
[02-Oct-2022 07:52:08 UTC] PHP Parse error:  syntax error, unexpected '}', expecting ';' or ',' in C:\Users\User\Local Sites\fictional-university\app\public\wp-content\themes\fictional-university-theme\archive.php on line 12
[02-Oct-2022 07:52:50 UTC] PHP Fatal error:  Uncaught Error: Call to undefined function category() in C:\Users\User\Local Sites\fictional-university\app\public\wp-content\themes\fictional-university-theme\archive.php:8
Stack trace:
#0 C:\Users\User\Local Sites\fictional-university\app\public\wp-includes\template-loader.php(106): include()
#1 C:\Users\User\Local Sites\fictional-university\app\public\wp-blog-header.php(19): require_once('C:\\Users\\User\\L...')
#2 C:\Users\User\Local Sites\fictional-university\app\public\index.php(17): require('C:\\Users\\User\\L...')
#3 {main}
  thrown in C:\Users\User\Local Sites\fictional-university\app\public\wp-content\themes\fictional-university-theme\archive.php on line 8
[02-Oct-2022 07:53:51 UTC] PHP Fatal error:  Uncaught Error: Call to undefined function category() in C:\Users\User\Local Sites\fictional-university\app\public\wp-content\themes\fictional-university-theme\archive.php:8
Stack trace:
#0 C:\Users\User\Local Sites\fictional-university\app\public\wp-includes\template-loader.php(106): include()
#1 C:\Users\User\Local Sites\fictional-university\app\public\wp-blog-header.php(19): require_once('C:\\Users\\User\\L...')
#2 C:\Users\User\Local Sites\fictional-university\app\public\index.php(17): require('C:\\Users\\User\\L...')
#3 {main}
  thrown in C:\Users\User\Local Sites\fictional-university\app\public\wp-content\themes\fictional-university-theme\archive.php on line 8
[02-Oct-2022 07:53:59 UTC] PHP Fatal error:  Uncaught Error: Call to undefined function category() in C:\Users\User\Local Sites\fictional-university\app\public\wp-content\themes\fictional-university-theme\archive.php:8
Stack trace:
#0 C:\Users\User\Local Sites\fictional-university\app\public\wp-includes\template-loader.php(106): include()
#1 C:\Users\User\Local Sites\fictional-university\app\public\wp-blog-header.php(19): require_once('C:\\Users\\User\\L...')
#2 C:\Users\User\Local Sites\fictional-university\app\public\index.php(17): require('C:\\Users\\User\\L...')
#3 {main}
  thrown in C:\Users\User\Local Sites\fictional-university\app\public\wp-content\themes\fictional-university-theme\archive.php on line 8
[02-Oct-2022 07:54:04 UTC] PHP Fatal error:  Uncaught Error: Call to undefined function category() in C:\Users\User\Local Sites\fictional-university\app\public\wp-content\themes\fictional-university-theme\archive.php:8
Stack trace:
#0 C:\Users\User\Local Sites\fictional-university\app\public\wp-includes\template-loader.php(106): include()
#1 C:\Users\User\Local Sites\fictional-university\app\public\wp-blog-header.php(19): require_once('C:\\Users\\User\\L...')
#2 C:\Users\User\Local Sites\fictional-university\app\public\index.php(17): require('C:\\Users\\User\\L...')
#3 {main}
  thrown in C:\Users\User\Local Sites\fictional-university\app\public\wp-content\themes\fictional-university-theme\archive.php on line 8
[14-Oct-2022 07:08:28 UTC] PHP Warning:  PHP Startup: Unable to load dynamic library 'php_imagick.dll' (tried: E:/Program Files (x86)/Local/resources/extraResources/lightning-services/php-7.4.1+18/bin/win64/ext\php_imagick.dll (The specified module could not be found.), E:/Program Files (x86)/Local/resources/extraResources/lightning-services/php-7.4.1+18/bin/win64/ext\php_php_imagick.dll.dll (The specified module could not be found.)) in Unknown on line 0
[14-Oct-2022 07:08:28 UTC] PHP Warning:  PHP Startup: Unable to load dynamic library 'php_imagick.dll' (tried: E:/Program Files (x86)/Local/resources/extraResources/lightning-services/php-7.4.1+18/bin/win64/ext\php_imagick.dll (The specified module could not be found.), E:/Program Files (x86)/Local/resources/extraResources/lightning-services/php-7.4.1+18/bin/win64/ext\php_php_imagick.dll.dll (The specified module could not be found.)) in Unknown on line 0
[14-Oct-2022 07:34:09 UTC] PHP Warning:  PHP Startup: Unable to load dynamic library 'php_imagick.dll' (tried: E:/Program Files (x86)/Local/resources/extraResources/lightning-services/php-7.4.1+18/bin/win64/ext\php_imagick.dll (The specified module could not be found.), E:/Program Files (x86)/Local/resources/extraResources/lightning-services/php-7.4.1+18/bin/win64/ext\php_php_imagick.dll.dll (The specified module could not be found.)) in Unknown on line 0
[14-Oct-2022 07:34:09 UTC] PHP Warning:  PHP Startup: Unable to load dynamic library 'php_imagick.dll' (tried: E:/Program Files (x86)/Local/resources/extraResources/lightning-services/php-7.4.1+18/bin/win64/ext\php_imagick.dll (The specified module could not be found.), E:/Program Files (x86)/Local/resources/extraResources/lightning-services/php-7.4.1+18/bin/win64/ext\php_php_imagick.dll.dll (The specified module could not be found.)) in Unknown on line 0
[14-Oct-2022 07:39:08 UTC] PHP Parse error:  syntax error, unexpected ';', expecting ')' in C:\Users\User\Local Sites\fictional-university\app\public\wp-content\themes\fictional-university-theme\functions.php on line 23
[14-Oct-2022 07:39:10 UTC] PHP Parse error:  syntax error, unexpected ';', expecting ')' in C:\Users\User\Local Sites\fictional-university\app\public\wp-content\themes\fictional-university-theme\functions.php on line 23
[14-Oct-2022 07:39:12 UTC] PHP Parse error:  syntax error, unexpected ';', expecting ')' in C:\Users\User\Local Sites\fictional-university\app\public\wp-content\themes\fictional-university-theme\functions.php on line 23
[14-Oct-2022 07:39:16 UTC] PHP Parse error:  syntax error, unexpected ';', expecting ')' in C:\Users\User\Local Sites\fictional-university\app\public\wp-content\themes\fictional-university-theme\functions.php on line 23
[14-Oct-2022 07:39:18 UTC] PHP Parse error:  syntax error, unexpected ';', expecting ')' in C:\Users\User\Local Sites\fictional-university\app\public\wp-content\themes\fictional-university-theme\functions.php on line 23
[14-Oct-2022 07:39:19 UTC] PHP Parse error:  syntax error, unexpected ';', expecting ')' in C:\Users\User\Local Sites\fictional-university\app\public\wp-content\themes\fictional-university-theme\functions.php on line 23
[14-Oct-2022 07:41:57 UTC] PHP Parse error:  syntax error, unexpected ')' in C:\Users\User\Local Sites\fictional-university\app\public\wp-content\themes\fictional-university-theme\functions.php on line 27
[14-Oct-2022 07:43:45 UTC] PHP Parse error:  syntax error, unexpected ''menu_icon'' (T_CONSTANT_ENCAPSED_STRING), expecting ')' in C:\Users\User\Local Sites\fictional-university\app\public\wp-content\themes\fictional-university-theme\functions.php on line 27
[14-Oct-2022 07:43:46 UTC] PHP Parse error:  syntax error, unexpected ''menu_icon'' (T_CONSTANT_ENCAPSED_STRING), expecting ')' in C:\Users\User\Local Sites\fictional-university\app\public\wp-content\themes\fictional-university-theme\functions.php on line 27
[14-Oct-2022 07:43:47 UTC] PHP Parse error:  syntax error, unexpected ''menu_icon'' (T_CONSTANT_ENCAPSED_STRING), expecting ')' in C:\Users\User\Local Sites\fictional-university\app\public\wp-content\themes\fictional-university-theme\functions.php on line 27
[14-Oct-2022 08:36:42 UTC] PHP Parse error:  syntax error, unexpected ''has_archive'' (T_CONSTANT_ENCAPSED_STRING), expecting ')' in C:\Users\User\Local Sites\fictional-university\app\public\wp-content\mu-plugins\university-post-type.php on line 6
[14-Oct-2022 08:36:43 UTC] PHP Parse error:  syntax error, unexpected ''has_archive'' (T_CONSTANT_ENCAPSED_STRING), expecting ')' in C:\Users\User\Local Sites\fictional-university\app\public\wp-content\mu-plugins\university-post-type.php on line 6
[15-Oct-2022 08:16:22 UTC] PHP Warning:  PHP Startup: Unable to load dynamic library 'php_imagick.dll' (tried: E:/Program Files (x86)/Local/resources/extraResources/lightning-services/php-7.4.1+18/bin/win64/ext\php_imagick.dll (The specified module could not be found.), E:/Program Files (x86)/Local/resources/extraResources/lightning-services/php-7.4.1+18/bin/win64/ext\php_php_imagick.dll.dll (The specified module could not be found.)) in Unknown on line 0
[15-Oct-2022 08:16:22 UTC] PHP Warning:  PHP Startup: Unable to load dynamic library 'php_imagick.dll' (tried: E:/Program Files (x86)/Local/resources/extraResources/lightning-services/php-7.4.1+18/bin/win64/ext\php_imagick.dll (The specified module could not be found.), E:/Program Files (x86)/Local/resources/extraResources/lightning-services/php-7.4.1+18/bin/win64/ext\php_php_imagick.dll.dll (The specified module could not be found.)) in Unknown on line 0
[15-Oct-2022 08:16:26 UTC] PHP Warning:  PHP Startup: Unable to load dynamic library 'php_imagick.dll' (tried: E:/Program Files (x86)/Local/resources/extraResources/lightning-services/php-7.4.1+18/bin/win64/ext\php_imagick.dll (The specified module could not be found.), E:/Program Files (x86)/Local/resources/extraResources/lightning-services/php-7.4.1+18/bin/win64/ext\php_php_imagick.dll.dll (The specified module could not be found.)) in Unknown on line 0
[15-Oct-2022 08:16:26 UTC] PHP Warning:  PHP Startup: Unable to load dynamic library 'php_imagick.dll' (tried: E:/Program Files (x86)/Local/resources/extraResources/lightning-services/php-7.4.1+18/bin/win64/ext\php_imagick.dll (The specified module could not be found.), E:/Program Files (x86)/Local/resources/extraResources/lightning-services/php-7.4.1+18/bin/win64/ext\php_php_imagick.dll.dll (The specified module could not be found.)) in Unknown on line 0
[16-Oct-2022 23:11:03 UTC] PHP Warning:  PHP Startup: Unable to load dynamic library 'php_imagick.dll' (tried: E:/Program Files (x86)/Local/resources/extraResources/lightning-services/php-7.4.1+18/bin/win64/ext\php_imagick.dll (The specified module could not be found.), E:/Program Files (x86)/Local/resources/extraResources/lightning-services/php-7.4.1+18/bin/win64/ext\php_php_imagick.dll.dll (The specified module could not be found.)) in Unknown on line 0
[16-Oct-2022 23:11:03 UTC] PHP Warning:  PHP Startup: Unable to load dynamic library 'php_imagick.dll' (tried: E:/Program Files (x86)/Local/resources/extraResources/lightning-services/php-7.4.1+18/bin/win64/ext\php_imagick.dll (The specified module could not be found.), E:/Program Files (x86)/Local/resources/extraResources/lightning-services/php-7.4.1+18/bin/win64/ext\php_php_imagick.dll.dll (The specified module could not be found.)) in Unknown on line 0
[16-Oct-2022 23:11:07 UTC] PHP Warning:  PHP Startup: Unable to load dynamic library 'php_imagick.dll' (tried: E:/Program Files (x86)/Local/resources/extraResources/lightning-services/php-7.4.1+18/bin/win64/ext\php_imagick.dll (The specified module could not be found.), E:/Program Files (x86)/Local/resources/extraResources/lightning-services/php-7.4.1+18/bin/win64/ext\php_php_imagick.dll.dll (The specified module could not be found.)) in Unknown on line 0
[16-Oct-2022 23:11:07 UTC] PHP Warning:  PHP Startup: Unable to load dynamic library 'php_imagick.dll' (tried: E:/Program Files (x86)/Local/resources/extraResources/lightning-services/php-7.4.1+18/bin/win64/ext\php_imagick.dll (The specified module could not be found.), E:/Program Files (x86)/Local/resources/extraResources/lightning-services/php-7.4.1+18/bin/win64/ext\php_php_imagick.dll.dll (The specified module could not be found.)) in Unknown on line 0
[23-Oct-2022 10:14:38 UTC] PHP Warning:  PHP Startup: Unable to load dynamic library 'php_imagick.dll' (tried: E:/Program Files (x86)/Local/resources/extraResources/lightning-services/php-7.4.1+18/bin/win64/ext\php_imagick.dll (The specified module could not be found.), E:/Program Files (x86)/Local/resources/extraResources/lightning-services/php-7.4.1+18/bin/win64/ext\php_php_imagick.dll.dll (The specified module could not be found.)) in Unknown on line 0
[23-Oct-2022 10:14:38 UTC] PHP Warning:  PHP Startup: Unable to load dynamic library 'php_imagick.dll' (tried: E:/Program Files (x86)/Local/resources/extraResources/lightning-services/php-7.4.1+18/bin/win64/ext\php_imagick.dll (The specified module could not be found.), E:/Program Files (x86)/Local/resources/extraResources/lightning-services/php-7.4.1+18/bin/win64/ext\php_php_imagick.dll.dll (The specified module could not be found.)) in Unknown on line 0
[23-Oct-2022 12:40:24 UTC] PHP Warning:  PHP Startup: Unable to load dynamic library 'php_imagick.dll' (tried: E:/Program Files (x86)/Local/resources/extraResources/lightning-services/php-7.4.1+18/bin/win64/ext\php_imagick.dll (The specified module could not be found.), E:/Program Files (x86)/Local/resources/extraResources/lightning-services/php-7.4.1+18/bin/win64/ext\php_php_imagick.dll.dll (The specified module could not be found.)) in Unknown on line 0
[23-Oct-2022 12:40:24 UTC] PHP Warning:  PHP Startup: Unable to load dynamic library 'php_imagick.dll' (tried: E:/Program Files (x86)/Local/resources/extraResources/lightning-services/php-7.4.1+18/bin/win64/ext\php_imagick.dll (The specified module could not be found.), E:/Program Files (x86)/Local/resources/extraResources/lightning-services/php-7.4.1+18/bin/win64/ext\php_php_imagick.dll.dll (The specified module could not be found.)) in Unknown on line 0
[23-Oct-2022 12:52:29 UTC] PHP Parse error:  syntax error, unexpected '=', expecting ')' in C:\Users\User\Local Sites\fictional-university\app\public\wp-content\themes\fictional-university-theme\front-page.php on line 25
[23-Oct-2022 13:24:42 UTC] PHP Warning:  call_user_func_array() expects parameter 1 to be a valid callback, function 'university_adjust_queries' not found or invalid function name in C:\Users\User\Local Sites\fictional-university\app\public\wp-includes\class-wp-hook.php on line 307
[23-Oct-2022 13:24:42 UTC] PHP Stack trace:
[23-Oct-2022 13:24:42 UTC] PHP   1. {main}() C:\Users\User\Local Sites\fictional-university\app\public\wp-admin\admin-ajax.php:0
[23-Oct-2022 13:24:42 UTC] PHP   2. require_once() C:\Users\User\Local Sites\fictional-university\app\public\wp-admin\admin-ajax.php:22
[23-Oct-2022 13:24:42 UTC] PHP   3. require_once() C:\Users\User\Local Sites\fictional-university\app\public\wp-load.php:50
[23-Oct-2022 13:24:42 UTC] PHP   4. require_once() C:\Users\User\Local Sites\fictional-university\app\public\wp-config.php:91
[23-Oct-2022 13:24:42 UTC] PHP   5. do_action() C:\Users\User\Local Sites\fictional-university\app\public\wp-settings.php:620
[23-Oct-2022 13:24:42 UTC] PHP   6. WP_Hook->do_action() C:\Users\User\Local Sites\fictional-university\app\public\wp-includes\plugin.php:476
[23-Oct-2022 13:24:42 UTC] PHP   7. WP_Hook->apply_filters() C:\Users\User\Local Sites\fictional-university\app\public\wp-includes\class-wp-hook.php:331
[23-Oct-2022 13:24:42 UTC] PHP   8. {closure:C:\Users\User\Local Sites\fictional-university\app\public\wp-includes\script-loader.php:3269-3290}() C:\Users\User\Local Sites\fictional-university\app\public\wp-includes\class-wp-hook.php:307
[23-Oct-2022 13:24:42 UTC] PHP   9. {closure:C:\Users\User\Local Sites\fictional-university\app\public\wp-includes\script-loader.php:3074-3130}() C:\Users\User\Local Sites\fictional-university\app\public\wp-includes\script-loader.php:3272
[23-Oct-2022 13:24:42 UTC] PHP  10. WP_Theme_JSON_Resolver::get_merged_data() C:\Users\User\Local Sites\fictional-university\app\public\wp-includes\script-loader.php:3076
[23-Oct-2022 13:24:42 UTC] PHP  11. WP_Theme_JSON_Resolver::get_user_data() C:\Users\User\Local Sites\fictional-university\app\public\wp-includes\class-wp-theme-json-resolver.php:387
[23-Oct-2022 13:24:42 UTC] PHP  12. WP_Theme_JSON_Resolver::get_user_data_from_wp_global_styles() C:\Users\User\Local Sites\fictional-university\app\public\wp-includes\class-wp-theme-json-resolver.php:323
[23-Oct-2022 13:24:42 UTC] PHP  13. wp_get_recent_posts() C:\Users\User\Local Sites\fictional-university\app\public\wp-includes\class-wp-theme-json-resolver.php:285
[23-Oct-2022 13:24:42 UTC] PHP  14. get_posts() C:\Users\User\Local Sites\fictional-university\app\public\wp-includes\post.php:3939
[23-Oct-2022 13:24:42 UTC] PHP  15. WP_Query->query() C:\Users\User\Local Sites\fictional-university\app\public\wp-includes\post.php:2410
[23-Oct-2022 13:24:42 UTC] PHP  16. WP_Query->get_posts() C:\Users\User\Local Sites\fictional-university\app\public\wp-includes\class-wp-query.php:3586
[23-Oct-2022 13:24:42 UTC] PHP  17. do_action_ref_array() C:\Users\User\Local Sites\fictional-university\app\public\wp-includes\class-wp-query.php:1805
[23-Oct-2022 13:24:42 UTC] PHP  18. WP_Hook->do_action() C:\Users\User\Local Sites\fictional-university\app\public\wp-includes\plugin.php:524
[23-Oct-2022 13:24:42 UTC] PHP  19. WP_Hook->apply_filters() C:\Users\User\Local Sites\fictional-university\app\public\wp-includes\class-wp-hook.php:331
[23-Oct-2022 13:27:49 UTC] PHP Parse error:  syntax error, unexpected '}' in C:\Users\User\Local Sites\fictional-university\app\public\wp-content\themes\fictional-university-theme\functions.php on line 24
[23-Oct-2022 13:27:51 UTC] PHP Parse error:  syntax error, unexpected '}' in C:\Users\User\Local Sites\fictional-university\app\public\wp-content\themes\fictional-university-theme\functions.php on line 24
[23-Oct-2022 13:28:08 UTC] PHP Parse error:  syntax error, unexpected '}' in C:\Users\User\Local Sites\fictional-university\app\public\wp-content\themes\fictional-university-theme\functions.php on line 24
[23-Oct-2022 13:32:16 UTC] PHP Parse error:  syntax error, unexpected ')' in C:\Users\User\Local Sites\fictional-university\app\public\wp-content\themes\fictional-university-theme\functions.php on line 23
[23-Oct-2022 13:40:22 UTC] PHP Parse error:  syntax error, unexpected 'key' (T_STRING), expecting ')' in C:\Users\User\Local Sites\fictional-university\app\public\wp-content\themes\fictional-university-theme\functions.php on line 29
[23-Oct-2022 13:40:24 UTC] PHP Parse error:  syntax error, unexpected 'key' (T_STRING), expecting ')' in C:\Users\User\Local Sites\fictional-university\app\public\wp-content\themes\fictional-university-theme\functions.php on line 29
[23-Oct-2022 13:40:33 UTC] PHP Parse error:  syntax error, unexpected 'key' (T_STRING), expecting ')' in C:\Users\User\Local Sites\fictional-university\app\public\wp-content\themes\fictional-university-theme\functions.php on line 29
[23-Oct-2022 13:41:05 UTC] PHP Parse error:  syntax error, unexpected 'key' (T_STRING), expecting ')' in C:\Users\User\Local Sites\fictional-university\app\public\wp-content\themes\fictional-university-theme\functions.php on line 29
[23-Oct-2022 13:41:06 UTC] PHP Parse error:  syntax error, unexpected 'key' (T_STRING), expecting ')' in C:\Users\User\Local Sites\fictional-university\app\public\wp-content\themes\fictional-university-theme\functions.php on line 29
[23-Oct-2022 13:41:31 UTC] PHP Parse error:  syntax error, unexpected 'key' (T_STRING), expecting ')' in C:\Users\User\Local Sites\fictional-university\app\public\wp-content\themes\fictional-university-theme\functions.php on line 29
[23-Oct-2022 13:41:32 UTC] PHP Parse error:  syntax error, unexpected 'key' (T_STRING), expecting ')' in C:\Users\User\Local Sites\fictional-university\app\public\wp-content\themes\fictional-university-theme\functions.php on line 29
[23-Oct-2022 13:41:34 UTC] PHP Parse error:  syntax error, unexpected 'key' (T_STRING), expecting ')' in C:\Users\User\Local Sites\fictional-university\app\public\wp-content\themes\fictional-university-theme\functions.php on line 29
[23-Oct-2022 13:41:34 UTC] PHP Parse error:  syntax error, unexpected 'key' (T_STRING), expecting ')' in C:\Users\User\Local Sites\fictional-university\app\public\wp-content\themes\fictional-university-theme\functions.php on line 29
[23-Oct-2022 13:42:01 UTC] PHP Parse error:  syntax error, unexpected 'key' (T_STRING), expecting ')' in C:\Users\User\Local Sites\fictional-university\app\public\wp-content\themes\fictional-university-theme\functions.php on line 29
[23-Oct-2022 13:42:02 UTC] PHP Parse error:  syntax error, unexpected 'key' (T_STRING), expecting ')' in C:\Users\User\Local Sites\fictional-university\app\public\wp-content\themes\fictional-university-theme\functions.php on line 29
[23-Oct-2022 13:42:04 UTC] PHP Parse error:  syntax error, unexpected 'key' (T_STRING), expecting ')' in C:\Users\User\Local Sites\fictional-university\app\public\wp-content\themes\fictional-university-theme\functions.php on line 29
[23-Oct-2022 13:42:05 UTC] PHP Parse error:  syntax error, unexpected 'key' (T_STRING), expecting ')' in C:\Users\User\Local Sites\fictional-university\app\public\wp-content\themes\fictional-university-theme\functions.php on line 29
[23-Oct-2022 13:42:07 UTC] PHP Parse error:  syntax error, unexpected 'key' (T_STRING), expecting ')' in C:\Users\User\Local Sites\fictional-university\app\public\wp-content\themes\fictional-university-theme\functions.php on line 29
[23-Oct-2022 13:42:08 UTC] PHP Parse error:  syntax error, unexpected 'key' (T_STRING), expecting ')' in C:\Users\User\Local Sites\fictional-university\app\public\wp-content\themes\fictional-university-theme\functions.php on line 29
[23-Oct-2022 13:42:34 UTC] PHP Parse error:  syntax error, unexpected 'key' (T_STRING), expecting ')' in C:\Users\User\Local Sites\fictional-university\app\public\wp-content\themes\fictional-university-theme\functions.php on line 29
[23-Oct-2022 13:43:00 UTC] PHP Parse error:  syntax error, unexpected 'key' (T_STRING), expecting ')' in C:\Users\User\Local Sites\fictional-university\app\public\wp-content\themes\fictional-university-theme\functions.php on line 29
[23-Oct-2022 13:43:01 UTC] PHP Parse error:  syntax error, unexpected 'key' (T_STRING), expecting ')' in C:\Users\User\Local Sites\fictional-university\app\public\wp-content\themes\fictional-university-theme\functions.php on line 29
[23-Oct-2022 13:43:03 UTC] PHP Parse error:  syntax error, unexpected 'key' (T_STRING), expecting ')' in C:\Users\User\Local Sites\fictional-university\app\public\wp-content\themes\fictional-university-theme\functions.php on line 29
[23-Oct-2022 13:43:04 UTC] PHP Parse error:  syntax error, unexpected 'key' (T_STRING), expecting ')' in C:\Users\User\Local Sites\fictional-university\app\public\wp-content\themes\fictional-university-theme\functions.php on line 29
[23-Oct-2022 13:43:53 UTC] PHP Parse error:  syntax error, unexpected 'key' (T_STRING), expecting ')' in C:\Users\User\Local Sites\fictional-university\app\public\wp-content\themes\fictional-university-theme\functions.php on line 30
[23-Oct-2022 13:43:54 UTC] PHP Parse error:  syntax error, unexpected 'key' (T_STRING), expecting ')' in C:\Users\User\Local Sites\fictional-university\app\public\wp-content\themes\fictional-university-theme\functions.php on line 30
[23-Oct-2022 13:44:35 UTC] PHP Parse error:  syntax error, unexpected 'key' (T_STRING), expecting ')' in C:\Users\User\Local Sites\fictional-university\app\public\wp-content\themes\fictional-university-theme\functions.php on line 30
[23-Oct-2022 15:31:15 UTC] PHP Parse error:  syntax error, unexpected '=>' (T_DOUBLE_ARROW), expecting ')' in C:\Users\User\Local Sites\fictional-university\app\public\wp-content\themes\fictional-university-theme\page-past-events.php on line 20
[23-Oct-2022 15:31:53 UTC] PHP Parse error:  syntax error, unexpected '=>' (T_DOUBLE_ARROW), expecting ')' in C:\Users\User\Local Sites\fictional-university\app\public\wp-content\themes\fictional-university-theme\page-past-events.php on line 20
[23-Oct-2022 15:32:32 UTC] PHP Parse error:  syntax error, unexpected '=>' (T_DOUBLE_ARROW), expecting ')' in C:\Users\User\Local Sites\fictional-university\app\public\wp-content\themes\fictional-university-theme\page-past-events.php on line 20
[23-Oct-2022 15:32:51 UTC] PHP Parse error:  syntax error, unexpected '=>' (T_DOUBLE_ARROW), expecting ')' in C:\Users\User\Local Sites\fictional-university\app\public\wp-content\themes\fictional-university-theme\page-past-events.php on line 20
[28-Oct-2022 01:27:46 UTC] PHP Warning:  PHP Startup: Unable to load dynamic library 'php_imagick.dll' (tried: E:/Program Files (x86)/Local/resources/extraResources/lightning-services/php-7.4.1+18/bin/win64/ext\php_imagick.dll (The specified module could not be found.), E:/Program Files (x86)/Local/resources/extraResources/lightning-services/php-7.4.1+18/bin/win64/ext\php_php_imagick.dll.dll (The specified module could not be found.)) in Unknown on line 0
[28-Oct-2022 01:27:46 UTC] PHP Warning:  PHP Startup: Unable to load dynamic library 'php_imagick.dll' (tried: E:/Program Files (x86)/Local/resources/extraResources/lightning-services/php-7.4.1+18/bin/win64/ext\php_imagick.dll (The specified module could not be found.), E:/Program Files (x86)/Local/resources/extraResources/lightning-services/php-7.4.1+18/bin/win64/ext\php_php_imagick.dll.dll (The specified module could not be found.)) in Unknown on line 0
[28-Oct-2022 01:27:52 UTC] PHP Warning:  PHP Startup: Unable to load dynamic library 'php_imagick.dll' (tried: E:/Program Files (x86)/Local/resources/extraResources/lightning-services/php-7.4.1+18/bin/win64/ext\php_imagick.dll (The specified module could not be found.), E:/Program Files (x86)/Local/resources/extraResources/lightning-services/php-7.4.1+18/bin/win64/ext\php_php_imagick.dll.dll (The specified module could not be found.)) in Unknown on line 0
[28-Oct-2022 01:27:52 UTC] PHP Warning:  PHP Startup: Unable to load dynamic library 'php_imagick.dll' (tried: E:/Program Files (x86)/Local/resources/extraResources/lightning-services/php-7.4.1+18/bin/win64/ext\php_imagick.dll (The specified module could not be found.), E:/Program Files (x86)/Local/resources/extraResources/lightning-services/php-7.4.1+18/bin/win64/ext\php_php_imagick.dll.dll (The specified module could not be found.)) in Unknown on line 0
[28-Oct-2022 02:11:01 UTC] PHP Parse error:  syntax error, unexpected 'AND' (T_LOGICAL_AND) in C:\Users\User\Local Sites\fictional-university\app\public\wp-content\themes\fictional-university-theme\functions.php on line 23
[28-Oct-2022 02:24:20 UTC] PHP Parse error:  syntax error, unexpected '(', expecting identifier (T_STRING) or variable (T_VARIABLE) or '{' or '$' in C:\Users\User\Local Sites\fictional-university\app\public\wp-content\themes\fictional-university-theme\functions.php on line 26
[28-Oct-2022 02:24:21 UTC] PHP Parse error:  syntax error, unexpected '(', expecting identifier (T_STRING) or variable (T_VARIABLE) or '{' or '$' in C:\Users\User\Local Sites\fictional-university\app\public\wp-content\themes\fictional-university-theme\functions.php on line 26
[28-Oct-2022 02:52:08 UTC] PHP Warning:  PHP Startup: Unable to load dynamic library 'php_imagick.dll' (tried: E:/Program Files (x86)/Local/resources/extraResources/lightning-services/php-7.4.1+18/bin/win64/ext\php_imagick.dll (The specified module could not be found.), E:/Program Files (x86)/Local/resources/extraResources/lightning-services/php-7.4.1+18/bin/win64/ext\php_php_imagick.dll.dll (The specified module could not be found.)) in Unknown on line 0
[28-Oct-2022 02:52:08 UTC] PHP Warning:  PHP Startup: Unable to load dynamic library 'php_imagick.dll' (tried: E:/Program Files (x86)/Local/resources/extraResources/lightning-services/php-7.4.1+18/bin/win64/ext\php_imagick.dll (The specified module could not be found.), E:/Program Files (x86)/Local/resources/extraResources/lightning-services/php-7.4.1+18/bin/win64/ext\php_php_imagick.dll.dll (The specified module could not be found.)) in Unknown on line 0
[28-Oct-2022 02:52:11 UTC] PHP Warning:  PHP Startup: Unable to load dynamic library 'php_imagick.dll' (tried: E:/Program Files (x86)/Local/resources/extraResources/lightning-services/php-7.4.1+18/bin/win64/ext\php_imagick.dll (The specified module could not be found.), E:/Program Files (x86)/Local/resources/extraResources/lightning-services/php-7.4.1+18/bin/win64/ext\php_php_imagick.dll.dll (The specified module could not be found.)) in Unknown on line 0
[28-Oct-2022 04:16:44 UTC] PHP Warning:  PHP Startup: Unable to load dynamic library 'php_imagick.dll' (tried: E:/Program Files (x86)/Local/resources/extraResources/lightning-services/php-7.4.1+18/bin/win64/ext\php_imagick.dll (The specified module could not be found.), E:/Program Files (x86)/Local/resources/extraResources/lightning-services/php-7.4.1+18/bin/win64/ext\php_php_imagick.dll.dll (The specified module could not be found.)) in Unknown on line 0
[28-Oct-2022 04:16:44 UTC] PHP Warning:  PHP Startup: Unable to load dynamic library 'php_imagick.dll' (tried: E:/Program Files (x86)/Local/resources/extraResources/lightning-services/php-7.4.1+18/bin/win64/ext\php_imagick.dll (The specified module could not be found.), E:/Program Files (x86)/Local/resources/extraResources/lightning-services/php-7.4.1+18/bin/win64/ext\php_php_imagick.dll.dll (The specified module could not be found.)) in Unknown on line 0
[28-Oct-2022 04:16:47 UTC] PHP Warning:  PHP Startup: Unable to load dynamic library 'php_imagick.dll' (tried: E:/Program Files (x86)/Local/resources/extraResources/lightning-services/php-7.4.1+18/bin/win64/ext\php_imagick.dll (The specified module could not be found.), E:/Program Files (x86)/Local/resources/extraResources/lightning-services/php-7.4.1+18/bin/win64/ext\php_php_imagick.dll.dll (The specified module could not be found.)) in Unknown on line 0
[30-Oct-2022 10:41:21 UTC] PHP Warning:  PHP Startup: Unable to load dynamic library 'php_imagick.dll' (tried: E:/Program Files (x86)/Local/resources/extraResources/lightning-services/php-7.4.1+18/bin/win64/ext\php_imagick.dll (The specified module could not be found.), E:/Program Files (x86)/Local/resources/extraResources/lightning-services/php-7.4.1+18/bin/win64/ext\php_php_imagick.dll.dll (The specified module could not be found.)) in Unknown on line 0
[30-Oct-2022 10:41:21 UTC] PHP Warning:  PHP Startup: Unable to load dynamic library 'php_imagick.dll' (tried: E:/Program Files (x86)/Local/resources/extraResources/lightning-services/php-7.4.1+18/bin/win64/ext\php_imagick.dll (The specified module could not be found.), E:/Program Files (x86)/Local/resources/extraResources/lightning-services/php-7.4.1+18/bin/win64/ext\php_php_imagick.dll.dll (The specified module could not be found.)) in Unknown on line 0
[30-Oct-2022 10:41:24 UTC] PHP Warning:  PHP Startup: Unable to load dynamic library 'php_imagick.dll' (tried: E:/Program Files (x86)/Local/resources/extraResources/lightning-services/php-7.4.1+18/bin/win64/ext\php_imagick.dll (The specified module could not be found.), E:/Program Files (x86)/Local/resources/extraResources/lightning-services/php-7.4.1+18/bin/win64/ext\php_php_imagick.dll.dll (The specified module could not be found.)) in Unknown on line 0
[30-Oct-2022 10:41:24 UTC] PHP Warning:  PHP Startup: Unable to load dynamic library 'php_imagick.dll' (tried: E:/Program Files (x86)/Local/resources/extraResources/lightning-services/php-7.4.1+18/bin/win64/ext\php_imagick.dll (The specified module could not be found.), E:/Program Files (x86)/Local/resources/extraResources/lightning-services/php-7.4.1+18/bin/win64/ext\php_php_imagick.dll.dll (The specified module could not be found.)) in Unknown on line 0
[30-Oct-2022 11:02:01 UTC] PHP Parse error:  syntax error, unexpected 'echo' (T_ECHO), expecting ';' or ',' in C:\Users\User\Local Sites\fictional-university\app\public\wp-content\themes\fictional-university-theme\single-event.php on line 28
[30-Oct-2022 11:05:25 UTC] PHP Warning:  Invalid argument supplied for foreach() in C:\Users\User\Local Sites\fictional-university\app\public\wp-content\themes\fictional-university-theme\single-event.php on line 31
[30-Oct-2022 11:05:25 UTC] PHP Stack trace:
[30-Oct-2022 11:05:25 UTC] PHP   1. {main}() C:\Users\User\Local Sites\fictional-university\app\public\index.php:0
[30-Oct-2022 11:05:25 UTC] PHP   2. require() C:\Users\User\Local Sites\fictional-university\app\public\index.php:17
[30-Oct-2022 11:05:25 UTC] PHP   3. require_once() C:\Users\User\Local Sites\fictional-university\app\public\wp-blog-header.php:19
[30-Oct-2022 11:05:25 UTC] PHP   4. include() C:\Users\User\Local Sites\fictional-university\app\public\wp-includes\template-loader.php:106
